[debug] [2024-08-04T04:55:09.633Z] ----------------------------------------------------------------------
[debug] [2024-08-04T04:55:09.637Z] Command:       C:\Program Files\nodejs\node.exe C:\Users\ASUS\AppData\Roaming\npm\node_modules\firebase-tools\lib\bin\firebase.js init hosting
[debug] [2024-08-04T04:55:09.638Z] CLI Version:   13.15.0
[debug] [2024-08-04T04:55:09.638Z] Platform:      win32
[debug] [2024-08-04T04:55:09.638Z] Node Version:  v20.11.0
[debug] [2024-08-04T04:55:09.638Z] Time:          Sun Aug 04 2024 11:55:09 GMT+0700 (Indochina Time)
[debug] [2024-08-04T04:55:09.638Z] ----------------------------------------------------------------------
[debug] 
[debug] [2024-08-04T04:55:09.697Z] > command requires scopes: ["email","openid","https://www.googleapis.com/auth/cloudplatformprojects.readonly","https://www.googleapis.com/auth/firebase","https://www.googleapis.com/auth/cloud-platform"]
[debug] [2024-08-04T04:55:09.698Z] > authorizing via signed-in user (yanisa.thaenthong@gmail.com)
[info] 
     ######## #### ########  ######## ########     ###     ######  ########
     ##        ##  ##     ## ##       ##     ##  ##   ##  ##       ##
     ######    ##  ########  ######   ########  #########  ######  ######
     ##        ##  ##    ##  ##       ##     ## ##     ##       ## ##
     ##       #### ##     ## ######## ########  ##     ##  ######  ########

You're about to initialize a Firebase project in this directory:

  D:\PSU\Y4\co-op\test-note-easy\frontend-note-easy

Before we get started, keep in mind:

  * You are initializing within an existing Firebase project directory

[info] 
=== Project Setup
[info] 
[info] First, let's associate this project directory with a Firebase project.
[info] You can create multiple project aliases by running firebase use --add, 
[info] but for now we'll just set up a default project.
[info] 
[debug] [2024-08-04T05:00:06.751Z] Using project from CLI flag: easy-note-a76fd
[debug] [2024-08-04T05:00:06.753Z] >>> [apiv2][query] GET https://firebase.googleapis.com/v1beta1/projects/easy-note-a76fd [none]
[debug] [2024-08-04T05:00:07.205Z] <<< [apiv2][status] GET https://firebase.googleapis.com/v1beta1/projects/easy-note-a76fd 200
[debug] [2024-08-04T05:00:07.205Z] <<< [apiv2][body] GET https://firebase.googleapis.com/v1beta1/projects/easy-note-a76fd {"projectId":"easy-note-a76fd","projectNumber":"255845888910","displayName":"easy-note","name":"projects/easy-note-a76fd","resources":{"hostingSite":"easy-note-a76fd"},"state":"ACTIVE","etag":"1_b489b1e7-94af-4c20-bd3d-afb33f02a13d"}
[info] i  Using project easy-note-a76fd (easy-note) 
[info] 
=== Hosting Setup
[debug] [2024-08-04T05:00:07.209Z] >>> [apiv2][query] GET https://firebase.googleapis.com/v1beta1/projects/easy-note-a76fd [none]
[debug] [2024-08-04T05:00:07.527Z] <<< [apiv2][status] GET https://firebase.googleapis.com/v1beta1/projects/easy-note-a76fd 200
[debug] [2024-08-04T05:00:07.527Z] <<< [apiv2][body] GET https://firebase.googleapis.com/v1beta1/projects/easy-note-a76fd {"projectId":"easy-note-a76fd","projectNumber":"255845888910","displayName":"easy-note","name":"projects/easy-note-a76fd","resources":{"hostingSite":"easy-note-a76fd"},"state":"ACTIVE","etag":"1_b489b1e7-94af-4c20-bd3d-afb33f02a13d"}
[info] 
[info] Your public directory is the folder (relative to your project directory) that
[info] will contain Hosting assets to be uploaded with firebase deploy. If you
[info] have a build process for your assets, use your build's output directory.
[info] 
